<?xml version="1.0" encoding="UTF-8"?>
<!-- Generated by org.testng.reporters.JUnitReportReporter -->
<testsuite hostname="LAPTOP-LG4K5LS5" failures="0" tests="1" name="AaaTestNG.TakeScreenshotSave" time="3.658" errors="0" timestamp="2021-12-30T14:03:48 IST" skipped="0">
  <testcase classname="AaaTestNG.TakeScreenshotSave" name="testScreenShot" time="3.658"/>
  <system-out/>
</testsuite> <!-- AaaTestNG.TakeScreenshotSave -->
