<?xml version="1.0" encoding="UTF-8"?>
<!-- Generated by org.testng.reporters.JUnitReportReporter -->
<testsuite hostname="LAPTOP-LG4K5LS5" failures="0" tests="1" name="AaaTestNG.FirstPgm" time="0.011" errors="0" timestamp="2021-12-30T13:43:44 IST" skipped="0">
  <testcase classname="AaaTestNG.FirstPgm" name="selectItem" time="0.011"/>
  <system-out>
    <![CDATA[my item in bag]]>
  </system-out>
</testsuite> <!-- AaaTestNG.FirstPgm -->
